2023-04-04 22:19:58.191 [info] Log level: Info
2023-04-04 22:19:58.191 [info] Validating found git in: "git"
2023-04-04 22:19:58.191 [info] Using git "2.34.1" from "git"
2023-04-04 22:19:58.191 [info] > git rev-parse --show-toplevel [110ms]
2023-04-04 22:19:58.191 [info] fatal: not a git repository (or any of the parent directories): .git
2023-04-04 22:19:58.191 [info] > git rev-parse --show-toplevel [4ms]
2023-04-04 22:19:58.191 [info] fatal: not a git repository (or any of the parent directories): .git
2023-04-04 22:19:58.191 [info] > git rev-parse --show-toplevel [145ms]
2023-04-04 22:19:58.191 [info] fatal: not a git repository (or any of the parent directories): .git
2023-04-04 22:19:58.191 [info] > git rev-parse --show-toplevel [10ms]
2023-04-04 22:19:58.191 [info] fatal: not a git repository (or any of the parent directories): .git
2023-04-04 22:19:58.191 [info] > git rev-parse --show-toplevel [6ms]
2023-04-04 22:19:58.191 [info] fatal: not a git repository (or any of the parent directories): .git
2023-04-04 22:20:17.297 [info] > git rev-parse --show-toplevel [3ms]
2023-04-04 22:20:17.297 [info] fatal: not a git repository (or any of the parent directories): .git
2023-04-04 22:20:32.808 [info] > git rev-parse --show-toplevel [1ms]
2023-04-04 22:20:34.029 [info] fatal: not a git repository (or any of the parent directories): .git
2023-04-04 22:21:21.456 [info] > git rev-parse --show-toplevel [1ms]
2023-04-04 22:21:21.456 [info] fatal: not a git repository (or any of the parent directories): .git
2023-04-04 22:21:26.213 [info] > git rev-parse --show-toplevel [2ms]
2023-04-04 22:21:26.213 [info] fatal: not a git repository (or any of the parent directories): .git
2023-04-04 22:26:12.004 [info] > git init [38ms]
2023-04-04 22:26:12.004 [info] hint: Using 'master' as the name for the initial branch. This default branch name
hint: is subject to change. To configure the initial branch name to use in all
hint: of your new repositories, which will suppress this warning, call:
hint: 
hint: 	git config --global init.defaultBranch <name>
hint: 
hint: Names commonly chosen instead of 'master' are 'main', 'trunk' and
hint: 'development'. The just-created branch can be renamed via this command:
hint: 
hint: 	git branch -m <name>
2023-04-04 22:26:12.009 [info] > git rev-parse --show-toplevel [1ms]
2023-04-04 22:26:12.014 [info] > git rev-parse --git-dir --git-common-dir [1ms]
2023-04-04 22:26:12.021 [info] Open repository: /home/fnchocho
2023-04-04 22:26:12.038 [info] No remotes found in the git config file.
2023-04-04 22:26:12.038 [info] > git for-each-ref --format=%(refname)%00%(upstream:short)%00%(objectname)%00%(upstream:track)%00%(upstream:remotename)%00%(upstream:remoteref) refs/heads/master refs/remotes/master [3ms]
2023-04-04 22:26:12.039 [info] > git config --get commit.template [8ms]
2023-04-04 22:26:12.133 [info] > git status -z -uall [89ms] (cancelled)
2023-04-04 22:26:12.371 [info] > git show --textconv :DEVOPS_CLASS_2023/dictionary.py [4ms]
2023-04-04 22:26:12.371 [info] > git ls-files --stage -- /home/fnchocho/DEVOPS_CLASS_2023/dictionary.py [1ms]
2023-04-04 22:26:12.625 [info] > git check-ignore -v -z --stdin [0ms]
2023-04-04 22:26:13.307 [info] > git ls-files --stage -- /home/fnchocho/DEVOPS_CLASS_2023/dictionary.py [1ms]
2023-04-04 22:26:13.360 [info] > git show --textconv :DEVOPS_CLASS_2023/dictionary.py [1ms]
