[Info  - 3:35:59 PM] (1211) Pylance language server 2023.3.20 (pyright 93a4ef87) starting
[Info  - 3:35:59 PM] (1211) Server root directory: /home/fnchocho/.vscode-server/extensions/ms-python.vscode-pylance-2023.3.20/dist
[Info  - 3:35:59 PM] (1211) Starting service instance "fnchocho"
[Info  - 3:35:59 PM] (1211) Auto-indent enabled
[Info  - 3:35:59 PM] (1211) Starting service instance "<default>"
[Info  - 3:36:00 PM] (1211) No pyproject.toml file found.
[Info  - 3:36:00 PM] (1211) Setting pythonPath for service "<default>": "/bin/python3"
[Warn  - 3:36:00 PM] (1211) stubPath typings is not a valid directory.
[Info  - 3:36:00 PM] (1211) Assuming Python version 3.10
[Info  - 3:36:00 PM] (1211) Assuming Python platform Linux
[Info  - 3:36:00 PM] (1211) Searching for source files
[Info  - 3:36:00 PM] (1211) No source files found.
[Info  - 3:36:00 PM] (1211) No configuration file found.
[Info  - 3:36:00 PM] (1211) No pyproject.toml file found.
[Info  - 3:36:00 PM] (1211) Setting pythonPath for service "fnchocho": "/bin/python3"
[Warn  - 3:36:00 PM] (1211) stubPath /home/fnchocho/typings is not a valid directory.
[Info  - 3:36:00 PM] (1211) Assuming Python version 3.10
[Info  - 3:36:00 PM] (1211) Assuming Python platform Linux
[Info  - 3:36:00 PM] (1211) Searching for source files
[Info  - 3:36:00 PM] (1211) Found 1 source file
[Info  - 3:36:00 PM] (1211) No pyproject.toml file found.
[Info  - 3:36:00 PM] (1211) Setting pythonPath for service "<default>": "/bin/python3"
[Warn  - 3:36:00 PM] (1211) stubPath typings is not a valid directory.
[Info  - 3:36:00 PM] (1211) Assuming Python version 3.10
[Info  - 3:36:00 PM] (1211) Assuming Python platform Linux
[Info  - 3:36:00 PM] (1211) Searching for source files
[Info  - 3:36:00 PM] (1211) No source files found.
[Info  - 3:36:01 PM] (1211) Background analysis(1) root directory: /home/fnchocho/.vscode-server/extensions/ms-python.vscode-pylance-2023.3.20/dist
[Info  - 3:36:01 PM] (1211) Background analysis(1) started
[Info  - 3:36:01 PM] (1211) Background analysis(2) root directory: /home/fnchocho/.vscode-server/extensions/ms-python.vscode-pylance-2023.3.20/dist
[Info  - 3:36:01 PM] (1211) Background analysis(2) started
[Info  - 3:36:02 PM] (1211) Indexer background runner(3) root directory: /home/fnchocho/.vscode-server/extensions/ms-python.vscode-pylance-2023.3.20/dist (index)
[Info  - 3:36:02 PM] (1211) Indexing(3) started
[Info  - 3:36:02 PM] (1211) scanned(3) 38 files over 1 exec env
[Info  - 3:36:03 PM] (1211) indexed(3) 16 files over 1 exec env
[Info  - 3:36:03 PM] (1211) Indexing finished(3).
[Info  - 4:04:17 PM] (1211) [BG(1)] Long operation: analyzing: /home/fnchocho/DEVOPS_CLASS_2023/hello_world.py (2609ms)
[Info  - 4:04:18 PM] (1211) Indexer background runner(4) root directory: /home/fnchocho/.vscode-server/extensions/ms-python.vscode-pylance-2023.3.20/dist (refresh)
[Info  - 4:04:18 PM] (1211) Indexing(4) started
[Info  - 4:04:20 PM] (1211) [IDX(4)] Long operation: scan packages /home/fnchocho (2261ms)
[Info  - 4:04:20 PM] (1211) scanned(4) 38 files over 1 exec env
[Info  - 4:04:22 PM] (1211) indexed(4) 16 files over 1 exec env
[Info  - 4:04:22 PM] (1211) Indexing finished(4).
[Info  - 4:04:38 PM] (1211) Indexer background runner(5) root directory: /home/fnchocho/.vscode-server/extensions/ms-python.vscode-pylance-2023.3.20/dist (refresh)
[Info  - 4:04:38 PM] (1211) Indexing(5) started
[Info  - 4:04:39 PM] (1211) scanned(5) 42 files over 1 exec env
[Info  - 4:04:39 PM] (1211) indexed(5) 18 files over 1 exec env
[Info  - 4:04:39 PM] (1211) Indexing finished(5).
