Experiment 'pythonPromptNewToolsExt' is active
Experiment 'pythonSurveyNotificationcf' is active
LSP Notebooks experiment is enabled
LSP Notebooks interactive window support is enabled
> conda info --json
Python interpreter path: /bin/python3
> /bin/python3 ./.vscode-server/extensions/ms-python.python-2022.20.2/pythonFiles/get_output_via_markers.py ./.vscode-server/extensions/ms-python.python-2022.20.2/pythonFiles/interpreterInfo.py
> /usr/bin/python3 ./.vscode-server/extensions/ms-python.python-2022.20.2/pythonFiles/get_output_via_markers.py ./.vscode-server/extensions/ms-python.python-2022.20.2/pythonFiles/interpreterInfo.py
Starting Pylance language server.
Send text to terminal: /bin/python3 /home/fnchocho/DEVOPS_CLASS_2023/logicaloperators.py
Send text to terminal: /bin/python3 /home/fnchocho/DEVOPS_CLASS_2023/comparison.py
Send text to terminal: /bin/python3 /home/fnchocho/DEVOPS_CLASS_2023/comparison.py
Send text to terminal: /bin/python3 /home/fnchocho/DEVOPS_CLASS_2023/logicaloperators.py
Send text to terminal: /bin/python3 /home/fnchocho/DEVOPS_CLASS_2023/logicaloperators.py
Send text to terminal: /bin/python3 /home/fnchocho/DEVOPS_CLASS_2023/logicaloperators.py
Send text to terminal: /bin/python3 /home/fnchocho/DEVOPS_CLASS_2023/logicaloperators.py
Send text to terminal: /bin/python3 /home/fnchocho/DEVOPS_CLASS_2023/logicaloperators.py
Send text to terminal: /bin/python3 /home/fnchocho/DEVOPS_CLASS_2023/logicaloperators.py
Send text to terminal: /bin/python3 /home/fnchocho/DEVOPS_CLASS_2023/logicaloperators.py
Send text to terminal: /bin/python3 /home/fnchocho/DEVOPS_CLASS_2023/if_conditional.py
Send text to terminal: /bin/python3 /home/fnchocho/DEVOPS_CLASS_2023/if_conditional.py
Send text to terminal: /bin/python3 /home/fnchocho/DEVOPS_CLASS_2023/if_conditional.py
Send text to terminal: /bin/python3 /home/fnchocho/DEVOPS_CLASS_2023/if_conditional.py
Send text to terminal: /bin/python3 /home/fnchocho/DEVOPS_CLASS_2023/if_conditional.py
Send text to terminal: /bin/python3 /home/fnchocho/DEVOPS_CLASS_2023/if_conditional.py
Send text to terminal: /bin/python3 /home/fnchocho/DEVOPS_CLASS_2023/for-loop.py
Send text to terminal: /bin/python3 /home/fnchocho/DEVOPS_CLASS_2023/for-loop.py
Send text to terminal: /bin/python3 /home/fnchocho/DEVOPS_CLASS_2023/for-loop.py
Send text to terminal: /bin/python3 /home/fnchocho/DEVOPS_CLASS_2023/while_loop.py
Send text to terminal: /bin/python3 /home/fnchocho/DEVOPS_CLASS_2023/dictionary.py
Send text to terminal: /bin/python3 /home/fnchocho/DEVOPS_CLASS_2023/dictionary.py
Send text to terminal: /bin/python3 /home/fnchocho/DEVOPS_CLASS_2023/dictionary.py
Send text to terminal: /bin/python3 /home/fnchocho/DEVOPS_CLASS_2023/dictionary.py
Send text to terminal: /bin/python3 /home/fnchocho/DEVOPS_CLASS_2023/dictionary.py
Send text to terminal: /bin/python3 /home/fnchocho/DEVOPS_CLASS_2023/dictionary.py
Send text to terminal: /bin/python3 /home/fnchocho/DEVOPS_CLASS_2023/dictionary.py
Send text to terminal: /bin/python3 /home/fnchocho/DEVOPS_CLASS_2023/dictionary.py
Send text to terminal: /bin/python3 /home/fnchocho/DEVOPS_CLASS_2023/dictionary.py
Send text to terminal: /bin/python3 /home/fnchocho/DEVOPS_CLASS_2023/dictionary.py
Send text to terminal: /bin/python3 /home/fnchocho/DEVOPS_CLASS_2023/dictionary.py
Send text to terminal: /bin/python3 /home/fnchocho/DEVOPS_CLASS_2023/dictionary.py
Send text to terminal: /bin/python3 /home/fnchocho/DEVOPS_CLASS_2023/dictionary.py
Send text to terminal: /bin/python3 /home/fnchocho/DEVOPS_CLASS_2023/dictionary.py
Send text to terminal: /bin/python3 /home/fnchocho/DEVOPS_CLASS_2023/dictionary.py
Send text to terminal: /bin/python3 /home/fnchocho/DEVOPS_CLASS_2023/dictionary.py
Send text to terminal: /bin/python3 /home/fnchocho/DEVOPS_CLASS_2023/dictionary.py
Send text to terminal: /bin/python3 /home/fnchocho/DEVOPS_CLASS_2023/dictionary.py
Send text to terminal: /bin/python3 /home/fnchocho/DEVOPS_CLASS_2023/dictionary.py
Send text to terminal: /bin/python3 /home/fnchocho/DEVOPS_CLASS_2023/dictionary.py
Send text to terminal: /bin/python3 /home/fnchocho/DEVOPS_CLASS_2023/dictionary.py
Send text to terminal: /bin/python3 /home/fnchocho/DEVOPS_CLASS_2023/dictionary.py
Send text to terminal: /bin/python3 /home/fnchocho/DEVOPS_CLASS_2023/dictionary.py
Send text to terminal: /bin/python3 /home/fnchocho/DEVOPS_CLASS_2023/dictionary.py
Send text to terminal: /bin/python3 /home/fnchocho/DEVOPS_CLASS_2023/dictionary.py
