[Info  - 9:34:34 AM] (189) Pylance language server 2023.3.20 (pyright 93a4ef87) starting
[Info  - 9:34:34 AM] (189) Server root directory: /home/fnchocho/.vscode-server/extensions/ms-python.vscode-pylance-2023.3.20/dist
[Info  - 9:34:34 AM] (189) Starting service instance "fnchocho"
[Info  - 9:34:34 AM] (189) Auto-indent enabled
[Info  - 9:34:34 AM] (189) Starting service instance "<default>"
[Info  - 9:34:34 AM] (189) No pyproject.toml file found.
[Info  - 9:34:34 AM] (189) Setting pythonPath for service "<default>": "/bin/python3"
[Warn  - 9:34:34 AM] (189) stubPath typings is not a valid directory.
[Info  - 9:34:34 AM] (189) Assuming Python version 3.10
[Info  - 9:34:34 AM] (189) Assuming Python platform Linux
[Info  - 9:34:34 AM] (189) Searching for source files
[Info  - 9:34:34 AM] (189) No source files found.
[Info  - 9:34:34 AM] (189) No configuration file found.
[Info  - 9:34:34 AM] (189) No pyproject.toml file found.
[Info  - 9:34:34 AM] (189) Setting pythonPath for service "fnchocho": "/bin/python3"
[Warn  - 9:34:34 AM] (189) stubPath /home/fnchocho/typings is not a valid directory.
[Info  - 9:34:34 AM] (189) Assuming Python version 3.10
[Info  - 9:34:34 AM] (189) Assuming Python platform Linux
[Info  - 9:34:35 AM] (189) Searching for source files
[Info  - 9:34:35 AM] (189) Found 1 source file
[Info  - 9:34:35 AM] (189) No pyproject.toml file found.
[Info  - 9:34:35 AM] (189) Setting pythonPath for service "<default>": "/bin/python3"
[Warn  - 9:34:35 AM] (189) stubPath typings is not a valid directory.
[Info  - 9:34:35 AM] (189) Assuming Python version 3.10
[Info  - 9:34:35 AM] (189) Assuming Python platform Linux
[Info  - 9:34:35 AM] (189) Searching for source files
[Info  - 9:34:35 AM] (189) No source files found.
[Info  - 9:34:35 AM] (189) Background analysis(1) root directory: /home/fnchocho/.vscode-server/extensions/ms-python.vscode-pylance-2023.3.20/dist
[Info  - 9:34:35 AM] (189) Background analysis(1) started
[Info  - 9:34:35 AM] (189) Background analysis(2) root directory: /home/fnchocho/.vscode-server/extensions/ms-python.vscode-pylance-2023.3.20/dist
[Info  - 9:34:35 AM] (189) Background analysis(2) started
[Info  - 9:34:35 AM] (189) Indexer background runner(3) root directory: /home/fnchocho/.vscode-server/extensions/ms-python.vscode-pylance-2023.3.20/dist (index)
[Info  - 9:34:35 AM] (189) Indexing(3) started
[Info  - 9:34:36 AM] (189) scanned(3) 42 files over 1 exec env
[Info  - 9:34:37 AM] (189) indexed(3) 18 files over 1 exec env
[Info  - 9:34:37 AM] (189) Indexing finished(3).
[Info  - 9:44:16 AM] (189) Searching for source files
[Info  - 9:44:16 AM] (189) Found 2 source files
[Info  - 9:52:59 AM] (189) Searching for source files
[Info  - 9:52:59 AM] (189) Found 3 source files
[Info  - 2:57:03 PM] (189) Searching for source files
[Info  - 2:57:03 PM] (189) Found 4 source files
[Info  - 3:19:11 PM] (189) Searching for source files
[Info  - 3:19:11 PM] (189) Found 5 source files
[Info  - 3:50:47 PM] (189) Searching for source files
[Info  - 3:50:47 PM] (189) Found 6 source files
[Info  - 9:13:38 PM] (189) Searching for source files
[Info  - 9:13:38 PM] (189) Found 7 source files
[Info  - 11:25:45 PM] (189) Searching for source files
[Info  - 11:25:45 PM] (189) Found 8 source files
[Info  - 12:58:19 AM] (189) Searching for source files
[Info  - 12:58:19 AM] (189) Found 9 source files
[Info  - 11:45:02 AM] (189) Searching for source files
[Info  - 11:45:02 AM] (189) Found 10 source files
[Info  - 12:28:13 PM] (189) Searching for source files
[Info  - 12:28:13 PM] (189) Found 11 source files
[Info  - 3:09:39 PM] (189) Searching for source files
[Info  - 3:09:39 PM] (189) Found 11 source files
[Info  - 5:25:46 PM] (189) Searching for source files
[Info  - 5:25:46 PM] (189) Found 12 source files
