2023-03-25 09:34:33.168 [info] Log level: Info
2023-03-25 09:34:33.168 [info] Validating found git in: "git"
2023-03-25 09:34:33.168 [info] Using git "2.34.1" from "git"
2023-03-25 09:34:33.168 [info] > git rev-parse --show-toplevel [120ms]
2023-03-25 09:34:33.168 [info] fatal: not a git repository (or any of the parent directories): .git
2023-03-25 09:34:33.291 [info] > git rev-parse --show-toplevel [142ms]
2023-03-25 09:34:33.291 [info] fatal: not a git repository (or any of the parent directories): .git
2023-03-25 09:34:33.345 [info] > git rev-parse --show-toplevel [42ms]
2023-03-25 09:34:33.346 [info] fatal: not a git repository (or any of the parent directories): .git
2023-03-25 09:34:33.397 [info] > git rev-parse --show-toplevel [30ms]
2023-03-25 09:34:33.397 [info] fatal: not a git repository (or any of the parent directories): .git
2023-03-25 09:34:33.416 [info] > git rev-parse --show-toplevel [5ms]
2023-03-25 09:34:33.418 [info] fatal: not a git repository (or any of the parent directories): .git
2023-03-25 09:43:17.404 [info] > git rev-parse --show-toplevel [4ms]
2023-03-25 09:43:17.404 [info] fatal: not a git repository (or any of the parent directories): .git
2023-03-25 09:44:15.738 [info] > git rev-parse --show-toplevel [2ms]
2023-03-25 09:44:15.738 [info] fatal: not a git repository (or any of the parent directories): .git
2023-03-25 09:52:58.904 [info] > git rev-parse --show-toplevel [4ms]
2023-03-25 09:52:58.904 [info] fatal: not a git repository (or any of the parent directories): .git
2023-03-25 11:32:38.592 [info] > git rev-parse --show-toplevel [6ms]
2023-03-25 11:32:38.593 [info] fatal: not a git repository (or any of the parent directories): .git
2023-03-25 11:33:09.988 [info] > git rev-parse --show-toplevel [3ms]
2023-03-25 11:33:09.989 [info] fatal: not a git repository (or any of the parent directories): .git
2023-03-25 11:33:12.377 [info] > git rev-parse --show-toplevel [1ms]
2023-03-25 11:33:12.377 [info] fatal: not a git repository (or any of the parent directories): .git
2023-03-25 11:49:06.126 [info] > git rev-parse --show-toplevel [3ms]
2023-03-25 11:49:06.126 [info] fatal: not a git repository (or any of the parent directories): .git
2023-03-25 11:49:20.854 [info] > git rev-parse --show-toplevel [2ms]
2023-03-25 11:49:20.854 [info] fatal: not a git repository (or any of the parent directories): .git
2023-03-25 11:49:28.099 [info] > git rev-parse --show-toplevel [2ms]
2023-03-25 11:49:28.099 [info] fatal: not a git repository (or any of the parent directories): .git
2023-03-25 11:49:29.131 [info] > git rev-parse --show-toplevel [4ms]
2023-03-25 11:49:29.131 [info] fatal: not a git repository (or any of the parent directories): .git
2023-03-25 11:49:30.227 [info] > git rev-parse --show-toplevel [2ms]
2023-03-25 11:49:30.227 [info] fatal: not a git repository (or any of the parent directories): .git
2023-03-25 11:49:37.881 [info] > git rev-parse --show-toplevel [3ms]
2023-03-25 11:49:37.881 [info] fatal: not a git repository (or any of the parent directories): .git
2023-03-25 11:49:53.563 [info] > git rev-parse --show-toplevel [3ms]
2023-03-25 11:49:53.564 [info] fatal: not a git repository (or any of the parent directories): .git
2023-03-25 11:49:56.071 [info] > git rev-parse --show-toplevel [7ms]
2023-03-25 11:49:56.071 [info] fatal: not a git repository (or any of the parent directories): .git
2023-03-25 11:49:58.923 [info] > git rev-parse --show-toplevel [3ms]
2023-03-25 11:49:58.923 [info] fatal: not a git repository (or any of the parent directories): .git
2023-03-25 11:50:31.405 [info] > git rev-parse --show-toplevel [4ms]
2023-03-25 11:50:31.405 [info] fatal: not a git repository (or any of the parent directories): .git
2023-03-26 13:22:08.498 [info] > git rev-parse --show-toplevel [28ms]
2023-03-26 13:22:08.498 [info] fatal: not a git repository (or any of the parent directories): .git
2023-03-26 13:22:17.144 [info] > git rev-parse --show-toplevel [0ms]
2023-03-26 13:22:17.144 [info] fatal: not a git repository (or any of the parent directories): .git
2023-03-26 13:22:18.773 [info] > git rev-parse --show-toplevel [2ms]
2023-03-26 13:22:18.773 [info] fatal: not a git repository (or any of the parent directories): .git
2023-03-26 14:57:02.225 [info] > git rev-parse --show-toplevel [14ms]
2023-03-26 14:57:02.227 [info] fatal: not a git repository (or any of the parent directories): .git
2023-03-26 15:19:11.477 [info] > git rev-parse --show-toplevel [10ms]
2023-03-26 15:19:11.477 [info] fatal: not a git repository (or any of the parent directories): .git
2023-03-26 15:50:47.130 [info] > git rev-parse --show-toplevel [8ms]
2023-03-26 15:50:47.131 [info] fatal: not a git repository (or any of the parent directories): .git
2023-03-26 15:58:38.364 [info] > git rev-parse --show-toplevel [3ms]
2023-03-26 15:58:38.364 [info] fatal: not a git repository (or any of the parent directories): .git
2023-03-26 17:59:10.996 [info] > git rev-parse --show-toplevel [5ms]
2023-03-26 17:59:10.996 [info] fatal: not a git repository (or any of the parent directories): .git
2023-03-26 17:59:15.180 [info] > git rev-parse --show-toplevel [1ms]
2023-03-26 17:59:15.180 [info] fatal: not a git repository (or any of the parent directories): .git
2023-03-26 17:59:18.034 [info] > git rev-parse --show-toplevel [1ms]
2023-03-26 17:59:18.034 [info] fatal: not a git repository (or any of the parent directories): .git
2023-03-27 01:33:37.199 [info] > git rev-parse --show-toplevel [6ms]
2023-03-27 01:33:37.200 [info] fatal: not a git repository (or any of the parent directories): .git
2023-03-27 01:33:40.275 [info] > git rev-parse --show-toplevel [3ms]
2023-03-27 01:33:40.275 [info] fatal: not a git repository (or any of the parent directories): .git
2023-03-27 01:33:48.134 [info] > git rev-parse --show-toplevel [2ms]
2023-03-27 01:33:48.134 [info] fatal: not a git repository (or any of the parent directories): .git
2023-03-27 01:33:50.097 [info] > git rev-parse --show-toplevel [2ms]
2023-03-27 01:33:50.097 [info] fatal: not a git repository (or any of the parent directories): .git
2023-03-27 01:33:50.753 [info] > git rev-parse --show-toplevel [2ms]
2023-03-27 01:33:50.753 [info] fatal: not a git repository (or any of the parent directories): .git
2023-03-27 01:36:38.163 [info] > git rev-parse --show-toplevel [6ms]
2023-03-27 01:36:38.163 [info] fatal: not a git repository (or any of the parent directories): .git
2023-03-27 01:36:39.214 [info] > git rev-parse --show-toplevel [2ms]
2023-03-27 01:36:39.214 [info] fatal: not a git repository (or any of the parent directories): .git
2023-03-27 02:12:25.984 [info] > git rev-parse --show-toplevel [7ms]
2023-03-27 02:12:25.984 [info] fatal: not a git repository (or any of the parent directories): .git
2023-03-27 02:12:51.206 [info] > git rev-parse --show-toplevel [2ms]
2023-03-27 02:12:51.206 [info] fatal: not a git repository (or any of the parent directories): .git
2023-03-27 02:12:53.868 [info] > git rev-parse --show-toplevel [5ms]
2023-03-27 02:12:53.868 [info] fatal: not a git repository (or any of the parent directories): .git
2023-03-27 02:13:09.710 [info] > git rev-parse --show-toplevel [10ms]
2023-03-27 02:13:09.710 [info] fatal: not a git repository (or any of the parent directories): .git
2023-03-27 02:13:10.788 [info] > git rev-parse --show-toplevel [3ms]
2023-03-27 02:13:10.788 [info] fatal: not a git repository (or any of the parent directories): .git
2023-03-27 02:13:14.895 [info] > git rev-parse --show-toplevel [2ms]
2023-03-27 02:13:14.895 [info] fatal: not a git repository (or any of the parent directories): .git
2023-03-31 20:46:02.308 [info] > git rev-parse --show-toplevel [10ms]
2023-03-31 20:46:02.309 [info] fatal: not a git repository (or any of the parent directories): .git
2023-03-31 21:13:38.043 [info] > git rev-parse --show-toplevel [5ms]
2023-03-31 21:13:38.043 [info] fatal: not a git repository (or any of the parent directories): .git
2023-03-31 23:25:45.592 [info] > git rev-parse --show-toplevel [5ms]
2023-03-31 23:25:45.592 [info] fatal: not a git repository (or any of the parent directories): .git
2023-03-31 23:25:50.535 [info] > git rev-parse --show-toplevel [3ms]
2023-03-31 23:25:50.541 [info] fatal: not a git repository (or any of the parent directories): .git
2023-03-31 23:25:59.339 [info] > git rev-parse --show-toplevel [2ms]
2023-03-31 23:25:59.339 [info] fatal: not a git repository (or any of the parent directories): .git
2023-03-31 23:47:29.970 [info] > git rev-parse --show-toplevel [7ms]
2023-03-31 23:47:29.970 [info] fatal: not a git repository (or any of the parent directories): .git
2023-03-31 23:51:23.965 [info] > git rev-parse --show-toplevel [9ms]
2023-03-31 23:51:23.965 [info] fatal: not a git repository (or any of the parent directories): .git
2023-03-31 23:59:28.742 [info] > git rev-parse --show-toplevel [8ms]
2023-03-31 23:59:28.742 [info] fatal: not a git repository (or any of the parent directories): .git
2023-04-01 00:05:37.305 [info] > git rev-parse --show-toplevel [3ms]
2023-04-01 00:05:37.305 [info] fatal: not a git repository (or any of the parent directories): .git
2023-04-01 00:05:46.223 [info] > git rev-parse --show-toplevel [2ms]
2023-04-01 00:05:46.223 [info] fatal: not a git repository (or any of the parent directories): .git
2023-04-01 00:09:25.283 [info] > git rev-parse --show-toplevel [3ms]
2023-04-01 00:09:25.283 [info] fatal: not a git repository (or any of the parent directories): .git
2023-04-01 00:11:02.679 [info] > git rev-parse --show-toplevel [4ms]
2023-04-01 00:11:02.679 [info] fatal: not a git repository (or any of the parent directories): .git
2023-04-01 00:14:45.894 [info] > git rev-parse --show-toplevel [3ms]
2023-04-01 00:14:45.894 [info] fatal: not a git repository (or any of the parent directories): .git
2023-04-01 00:24:32.655 [info] > git rev-parse --show-toplevel [5ms]
2023-04-01 00:24:32.655 [info] fatal: not a git repository (or any of the parent directories): .git
2023-04-01 00:24:45.363 [info] > git rev-parse --show-toplevel [3ms]
2023-04-01 00:24:45.363 [info] fatal: not a git repository (or any of the parent directories): .git
2023-04-01 00:26:16.232 [info] > git rev-parse --show-toplevel [4ms]
2023-04-01 00:26:16.232 [info] fatal: not a git repository (or any of the parent directories): .git
2023-04-01 00:26:18.116 [info] > git rev-parse --show-toplevel [1ms]
2023-04-01 00:26:18.116 [info] fatal: not a git repository (or any of the parent directories): .git
2023-04-01 00:57:28.204 [info] > git rev-parse --show-toplevel [6ms]
2023-04-01 00:57:28.204 [info] fatal: not a git repository (or any of the parent directories): .git
2023-04-01 00:57:32.148 [info] > git rev-parse --show-toplevel [7ms]
2023-04-01 00:57:32.148 [info] fatal: not a git repository (or any of the parent directories): .git
2023-04-01 00:57:33.202 [info] > git rev-parse --show-toplevel [7ms]
2023-04-01 00:57:33.202 [info] fatal: not a git repository (or any of the parent directories): .git
2023-04-01 00:57:34.589 [info] > git rev-parse --show-toplevel [5ms]
2023-04-01 00:57:34.589 [info] fatal: not a git repository (or any of the parent directories): .git
2023-04-01 00:58:19.302 [info] > git rev-parse --show-toplevel [3ms]
2023-04-01 00:58:19.302 [info] fatal: not a git repository (or any of the parent directories): .git
2023-04-01 00:58:22.065 [info] > git rev-parse --show-toplevel [5ms]
2023-04-01 00:58:22.065 [info] fatal: not a git repository (or any of the parent directories): .git
2023-04-01 00:58:48.550 [info] > git rev-parse --show-toplevel [2ms]
2023-04-01 00:58:48.550 [info] fatal: not a git repository (or any of the parent directories): .git
2023-04-01 01:19:59.049 [info] > git rev-parse --show-toplevel [3ms]
2023-04-01 01:19:59.050 [info] fatal: not a git repository (or any of the parent directories): .git
2023-04-01 01:20:02.417 [info] > git rev-parse --show-toplevel [5ms]
2023-04-01 01:20:02.417 [info] fatal: not a git repository (or any of the parent directories): .git
2023-04-01 01:26:47.900 [info] > git rev-parse --show-toplevel [4ms]
2023-04-01 01:26:47.900 [info] fatal: not a git repository (or any of the parent directories): .git
2023-04-01 01:36:29.701 [info] > git rev-parse --show-toplevel [2ms]
2023-04-01 01:36:29.702 [info] fatal: not a git repository (or any of the parent directories): .git
2023-04-01 01:36:35.346 [info] > git rev-parse --show-toplevel [3ms]
2023-04-01 01:36:35.346 [info] fatal: not a git repository (or any of the parent directories): .git
2023-04-01 01:36:54.871 [info] > git rev-parse --show-toplevel [2ms]
2023-04-01 01:36:54.871 [info] fatal: not a git repository (or any of the parent directories): .git
2023-04-01 01:36:56.574 [info] > git rev-parse --show-toplevel [2ms]
2023-04-01 01:36:56.574 [info] fatal: not a git repository (or any of the parent directories): .git
2023-04-01 01:37:18.166 [info] > git rev-parse --show-toplevel [3ms]
2023-04-01 01:37:18.166 [info] fatal: not a git repository (or any of the parent directories): .git
2023-04-01 01:38:08.184 [info] > git rev-parse --show-toplevel [2ms]
2023-04-01 01:38:08.184 [info] fatal: not a git repository (or any of the parent directories): .git
2023-04-01 01:38:10.048 [info] > git rev-parse --show-toplevel [3ms]
2023-04-01 01:38:10.048 [info] fatal: not a git repository (or any of the parent directories): .git
2023-04-01 01:38:22.537 [info] > git rev-parse --show-toplevel [4ms]
2023-04-01 01:38:22.537 [info] fatal: not a git repository (or any of the parent directories): .git
2023-04-01 01:38:22.970 [info] > git rev-parse --show-toplevel [5ms]
2023-04-01 01:38:22.970 [info] fatal: not a git repository (or any of the parent directories): .git
2023-04-01 01:38:31.916 [info] > git rev-parse --show-toplevel [1ms]
2023-04-01 01:38:31.916 [info] fatal: not a git repository (or any of the parent directories): .git
2023-04-01 01:47:49.663 [info] > git rev-parse --show-toplevel [7ms]
2023-04-01 01:47:49.663 [info] fatal: not a git repository (or any of the parent directories): .git
2023-04-01 01:47:53.358 [info] > git rev-parse --show-toplevel [3ms]
2023-04-01 01:47:53.358 [info] fatal: not a git repository (or any of the parent directories): .git
2023-04-01 01:47:54.564 [info] > git rev-parse --show-toplevel [2ms]
2023-04-01 01:47:54.564 [info] fatal: not a git repository (or any of the parent directories): .git
2023-04-01 01:47:58.002 [info] > git rev-parse --show-toplevel [3ms]
2023-04-01 01:47:58.002 [info] fatal: not a git repository (or any of the parent directories): .git
2023-04-01 01:47:59.972 [info] > git rev-parse --show-toplevel [3ms]
2023-04-01 01:47:59.972 [info] fatal: not a git repository (or any of the parent directories): .git
2023-04-01 01:48:02.755 [info] > git rev-parse --show-toplevel [3ms]
2023-04-01 01:48:02.755 [info] fatal: not a git repository (or any of the parent directories): .git
2023-04-01 01:48:09.488 [info] > git rev-parse --show-toplevel [1ms]
2023-04-01 01:48:09.489 [info] fatal: not a git repository (or any of the parent directories): .git
2023-04-01 01:48:10.467 [info] > git rev-parse --show-toplevel [2ms]
2023-04-01 01:48:10.467 [info] fatal: not a git repository (or any of the parent directories): .git
2023-04-01 01:48:14.222 [info] > git rev-parse --show-toplevel [2ms]
2023-04-01 01:48:14.222 [info] fatal: not a git repository (or any of the parent directories): .git
2023-04-01 01:48:25.152 [info] > git rev-parse --show-toplevel [4ms]
2023-04-01 01:48:25.152 [info] fatal: not a git repository (or any of the parent directories): .git
2023-04-01 01:48:26.153 [info] > git rev-parse --show-toplevel [2ms]
2023-04-01 01:48:26.153 [info] fatal: not a git repository (or any of the parent directories): .git
2023-04-01 01:48:27.474 [info] > git rev-parse --show-toplevel [3ms]
2023-04-01 01:48:27.474 [info] fatal: not a git repository (or any of the parent directories): .git
2023-04-01 01:48:37.672 [info] > git rev-parse --show-toplevel [2ms]
2023-04-01 01:48:37.672 [info] fatal: not a git repository (or any of the parent directories): .git
2023-04-01 01:48:38.806 [info] > git rev-parse --show-toplevel [2ms]
2023-04-01 01:48:38.806 [info] fatal: not a git repository (or any of the parent directories): .git
2023-04-01 01:48:49.446 [info] > git rev-parse --show-toplevel [2ms]
2023-04-01 01:48:49.446 [info] fatal: not a git repository (or any of the parent directories): .git
2023-04-02 11:45:01.321 [info] > git rev-parse --show-toplevel [20ms]
2023-04-02 11:45:01.322 [info] fatal: not a git repository (or any of the parent directories): .git
2023-04-02 11:47:42.699 [info] > git rev-parse --show-toplevel [5ms]
2023-04-02 11:47:42.699 [info] fatal: not a git repository (or any of the parent directories): .git
2023-04-02 11:47:53.536 [info] > git rev-parse --show-toplevel [3ms]
2023-04-02 11:47:53.537 [info] fatal: not a git repository (or any of the parent directories): .git
2023-04-02 11:48:08.442 [info] > git rev-parse --show-toplevel [3ms]
2023-04-02 11:48:08.442 [info] fatal: not a git repository (or any of the parent directories): .git
2023-04-02 12:28:12.679 [info] > git rev-parse --show-toplevel [5ms]
2023-04-02 12:28:12.679 [info] fatal: not a git repository (or any of the parent directories): .git
2023-04-02 14:54:42.366 [info] > git rev-parse --show-toplevel [6ms]
2023-04-02 14:54:42.367 [info] fatal: not a git repository (or any of the parent directories): .git
2023-04-02 15:03:14.448 [info] > git rev-parse --show-toplevel [4ms]
2023-04-02 15:03:14.448 [info] fatal: not a git repository (or any of the parent directories): .git
2023-04-02 15:03:27.498 [info] > git rev-parse --show-toplevel [4ms]
2023-04-02 15:03:27.498 [info] fatal: not a git repository (or any of the parent directories): .git
2023-04-02 15:03:30.026 [info] > git rev-parse --show-toplevel [10ms]
2023-04-02 15:03:30.026 [info] fatal: not a git repository (or any of the parent directories): .git
2023-04-02 15:08:15.167 [info] > git rev-parse --show-toplevel [5ms]
2023-04-02 15:08:15.167 [info] fatal: not a git repository (or any of the parent directories): .git
2023-04-02 15:08:19.954 [info] > git rev-parse --show-toplevel [11ms]
2023-04-02 15:08:19.954 [info] fatal: not a git repository (or any of the parent directories): .git
2023-04-02 15:08:32.658 [info] > git rev-parse --show-toplevel [8ms]
2023-04-02 15:08:32.658 [info] fatal: not a git repository (or any of the parent directories): .git
2023-04-02 15:08:43.070 [info] > git rev-parse --show-toplevel [6ms]
2023-04-02 15:08:43.071 [info] fatal: not a git repository (or any of the parent directories): .git
2023-04-02 15:08:44.813 [info] > git rev-parse --show-toplevel [5ms]
2023-04-02 15:08:44.813 [info] fatal: not a git repository (or any of the parent directories): .git
2023-04-02 15:08:51.810 [info] > git rev-parse --show-toplevel [3ms]
2023-04-02 15:08:51.810 [info] fatal: not a git repository (or any of the parent directories): .git
2023-04-02 15:09:38.754 [info] > git rev-parse --show-toplevel [5ms]
2023-04-02 15:09:38.754 [info] fatal: not a git repository (or any of the parent directories): .git
2023-04-02 17:25:46.375 [info] > git rev-parse --show-toplevel [7ms]
2023-04-02 17:25:46.376 [info] fatal: not a git repository (or any of the parent directories): .git
2023-04-02 17:27:06.778 [info] > git rev-parse --show-toplevel [9ms]
2023-04-02 17:27:06.778 [info] fatal: not a git repository (or any of the parent directories): .git
2023-04-02 17:27:38.638 [info] > git rev-parse --show-toplevel [2ms]
2023-04-02 17:27:38.638 [info] fatal: not a git repository (or any of the parent directories): .git
