Visual Studio Code (1.76.2, wsl, desktop)
Jupyter Extension Version: 2022.11.1003412109.
Python Extension Version: 2022.20.2.
Workspace folder /home/fnchocho
info 22:19:55.985: ZMQ install verified.
User belongs to experiment group 'jupyterEnhancedDataViewer'
User belongs to experiment group 'jupyterTest'
info 22:19:57.028: LSP Notebooks experiment is enabled
error 22:19:57.274: Failed activating the python extension:  [Error [TypeError]: TelemetrySender.sendEventData must be a function
	at Function.validateSender (/home/fnchocho/.vscode-server/bin/ee2b180d582a7f601fa6ecfdad8d9fd269ab1884/out/vs/workbench/api/node/extensionHostProcess.js:92:38390)
	at Object.createTelemetryLogger (/home/fnchocho/.vscode-server/bin/ee2b180d582a7f601fa6ecfdad8d9fd269ab1884/out/vs/workbench/api/node/extensionHostProcess.js:117:31908)
	at new t.BaseTelemetryReporter (/home/fnchocho/.vscode-server/extensions/ms-python.python-2022.20.2/out/client/extension.js:2:1111846)
	at new h (/home/fnchocho/.vscode-server/extensions/ms-python.python-2022.20.2/out/client/extension.js:2:1116985)
	at /home/fnchocho/.vscode-server/extensions/ms-python.python-2022.20.2/out/client/extension.js:2:677577
	at c (/home/fnchocho/.vscode-server/extensions/ms-python.python-2022.20.2/out/client/extension.js:2:677653)
	at /home/fnchocho/.vscode-server/extensions/ms-python.python-2022.20.2/out/client/extension.js:2:157104
	at y.activate (/home/fnchocho/.vscode-server/extensions/ms-python.python-2022.20.2/out/client/extension.js:2:157197)
	at processTicksAndRejections (node:internal/process/task_queues:96:5)
	at async /home/fnchocho/.vscode-server/extensions/ms-python.python-2022.20.2/out/client/extension.js:2:3078901
	at async e (/home/fnchocho/.vscode-server/extensions/ms-python.python-2022.20.2/out/client/extension.js:2:3078515)
	at async f.n (/home/fnchocho/.vscode-server/bin/ee2b180d582a7f601fa6ecfdad8d9fd269ab1884/out/vs/workbench/api/node/extensionHostProcess.js:94:6818)
	at async f.m (/home/fnchocho/.vscode-server/bin/ee2b180d582a7f601fa6ecfdad8d9fd269ab1884/out/vs/workbench/api/node/extensionHostProcess.js:94:6781)
	at async f.l (/home/fnchocho/.vscode-server/bin/ee2b180d582a7f601fa6ecfdad8d9fd269ab1884/out/vs/workbench/api/node/extensionHostProcess.js:94:6238)] {
  message: "Activating extension 'ms-python.python' failed: TelemetrySender.sendEventData must be a function."
}
error 22:19:57.278: Failed activating the python extension:  [Error [TypeError]: TelemetrySender.sendEventData must be a function
	at Function.validateSender (/home/fnchocho/.vscode-server/bin/ee2b180d582a7f601fa6ecfdad8d9fd269ab1884/out/vs/workbench/api/node/extensionHostProcess.js:92:38390)
	at Object.createTelemetryLogger (/home/fnchocho/.vscode-server/bin/ee2b180d582a7f601fa6ecfdad8d9fd269ab1884/out/vs/workbench/api/node/extensionHostProcess.js:117:31908)
	at new t.BaseTelemetryReporter (/home/fnchocho/.vscode-server/extensions/ms-python.python-2022.20.2/out/client/extension.js:2:1111846)
	at new h (/home/fnchocho/.vscode-server/extensions/ms-python.python-2022.20.2/out/client/extension.js:2:1116985)
	at /home/fnchocho/.vscode-server/extensions/ms-python.python-2022.20.2/out/client/extension.js:2:677577
	at c (/home/fnchocho/.vscode-server/extensions/ms-python.python-2022.20.2/out/client/extension.js:2:677653)
	at /home/fnchocho/.vscode-server/extensions/ms-python.python-2022.20.2/out/client/extension.js:2:157104
	at y.activate (/home/fnchocho/.vscode-server/extensions/ms-python.python-2022.20.2/out/client/extension.js:2:157197)
	at processTicksAndRejections (node:internal/process/task_queues:96:5)
	at async /home/fnchocho/.vscode-server/extensions/ms-python.python-2022.20.2/out/client/extension.js:2:3078901
	at async e (/home/fnchocho/.vscode-server/extensions/ms-python.python-2022.20.2/out/client/extension.js:2:3078515)
	at async f.n (/home/fnchocho/.vscode-server/bin/ee2b180d582a7f601fa6ecfdad8d9fd269ab1884/out/vs/workbench/api/node/extensionHostProcess.js:94:6818)
	at async f.m (/home/fnchocho/.vscode-server/bin/ee2b180d582a7f601fa6ecfdad8d9fd269ab1884/out/vs/workbench/api/node/extensionHostProcess.js:94:6781)
	at async f.l (/home/fnchocho/.vscode-server/bin/ee2b180d582a7f601fa6ecfdad8d9fd269ab1884/out/vs/workbench/api/node/extensionHostProcess.js:94:6238)] {
  message: "Activating extension 'ms-python.python' failed: TelemetrySender.sendEventData must be a function."
}
error 22:19:57.279: Failed activating the python extension:  [Error [TypeError]: TelemetrySender.sendEventData must be a function
	at Function.validateSender (/home/fnchocho/.vscode-server/bin/ee2b180d582a7f601fa6ecfdad8d9fd269ab1884/out/vs/workbench/api/node/extensionHostProcess.js:92:38390)
	at Object.createTelemetryLogger (/home/fnchocho/.vscode-server/bin/ee2b180d582a7f601fa6ecfdad8d9fd269ab1884/out/vs/workbench/api/node/extensionHostProcess.js:117:31908)
	at new t.BaseTelemetryReporter (/home/fnchocho/.vscode-server/extensions/ms-python.python-2022.20.2/out/client/extension.js:2:1111846)
	at new h (/home/fnchocho/.vscode-server/extensions/ms-python.python-2022.20.2/out/client/extension.js:2:1116985)
	at /home/fnchocho/.vscode-server/extensions/ms-python.python-2022.20.2/out/client/extension.js:2:677577
	at c (/home/fnchocho/.vscode-server/extensions/ms-python.python-2022.20.2/out/client/extension.js:2:677653)
	at /home/fnchocho/.vscode-server/extensions/ms-python.python-2022.20.2/out/client/extension.js:2:157104
	at y.activate (/home/fnchocho/.vscode-server/extensions/ms-python.python-2022.20.2/out/client/extension.js:2:157197)
	at processTicksAndRejections (node:internal/process/task_queues:96:5)
	at async /home/fnchocho/.vscode-server/extensions/ms-python.python-2022.20.2/out/client/extension.js:2:3078901
	at async e (/home/fnchocho/.vscode-server/extensions/ms-python.python-2022.20.2/out/client/extension.js:2:3078515)
	at async f.n (/home/fnchocho/.vscode-server/bin/ee2b180d582a7f601fa6ecfdad8d9fd269ab1884/out/vs/workbench/api/node/extensionHostProcess.js:94:6818)
	at async f.m (/home/fnchocho/.vscode-server/bin/ee2b180d582a7f601fa6ecfdad8d9fd269ab1884/out/vs/workbench/api/node/extensionHostProcess.js:94:6781)
	at async f.l (/home/fnchocho/.vscode-server/bin/ee2b180d582a7f601fa6ecfdad8d9fd269ab1884/out/vs/workbench/api/node/extensionHostProcess.js:94:6238)] {
  message: "Activating extension 'ms-python.python' failed: TelemetrySender.sendEventData must be a function."
}
error 22:19:57.279: Failed activating the python extension:  [Error [TypeError]: TelemetrySender.sendEventData must be a function
	at Function.validateSender (/home/fnchocho/.vscode-server/bin/ee2b180d582a7f601fa6ecfdad8d9fd269ab1884/out/vs/workbench/api/node/extensionHostProcess.js:92:38390)
	at Object.createTelemetryLogger (/home/fnchocho/.vscode-server/bin/ee2b180d582a7f601fa6ecfdad8d9fd269ab1884/out/vs/workbench/api/node/extensionHostProcess.js:117:31908)
	at new t.BaseTelemetryReporter (/home/fnchocho/.vscode-server/extensions/ms-python.python-2022.20.2/out/client/extension.js:2:1111846)
	at new h (/home/fnchocho/.vscode-server/extensions/ms-python.python-2022.20.2/out/client/extension.js:2:1116985)
	at /home/fnchocho/.vscode-server/extensions/ms-python.python-2022.20.2/out/client/extension.js:2:677577
	at c (/home/fnchocho/.vscode-server/extensions/ms-python.python-2022.20.2/out/client/extension.js:2:677653)
	at /home/fnchocho/.vscode-server/extensions/ms-python.python-2022.20.2/out/client/extension.js:2:157104
	at y.activate (/home/fnchocho/.vscode-server/extensions/ms-python.python-2022.20.2/out/client/extension.js:2:157197)
	at processTicksAndRejections (node:internal/process/task_queues:96:5)
	at async /home/fnchocho/.vscode-server/extensions/ms-python.python-2022.20.2/out/client/extension.js:2:3078901
	at async e (/home/fnchocho/.vscode-server/extensions/ms-python.python-2022.20.2/out/client/extension.js:2:3078515)
	at async f.n (/home/fnchocho/.vscode-server/bin/ee2b180d582a7f601fa6ecfdad8d9fd269ab1884/out/vs/workbench/api/node/extensionHostProcess.js:94:6818)
	at async f.m (/home/fnchocho/.vscode-server/bin/ee2b180d582a7f601fa6ecfdad8d9fd269ab1884/out/vs/workbench/api/node/extensionHostProcess.js:94:6781)
	at async f.l (/home/fnchocho/.vscode-server/bin/ee2b180d582a7f601fa6ecfdad8d9fd269ab1884/out/vs/workbench/api/node/extensionHostProcess.js:94:6238)] {
  message: "Activating extension 'ms-python.python' failed: TelemetrySender.sendEventData must be a function."
}
error 22:19:57.279: Failed activating the python extension:  [Error [TypeError]: TelemetrySender.sendEventData must be a function
	at Function.validateSender (/home/fnchocho/.vscode-server/bin/ee2b180d582a7f601fa6ecfdad8d9fd269ab1884/out/vs/workbench/api/node/extensionHostProcess.js:92:38390)
	at Object.createTelemetryLogger (/home/fnchocho/.vscode-server/bin/ee2b180d582a7f601fa6ecfdad8d9fd269ab1884/out/vs/workbench/api/node/extensionHostProcess.js:117:31908)
	at new t.BaseTelemetryReporter (/home/fnchocho/.vscode-server/extensions/ms-python.python-2022.20.2/out/client/extension.js:2:1111846)
	at new h (/home/fnchocho/.vscode-server/extensions/ms-python.python-2022.20.2/out/client/extension.js:2:1116985)
	at /home/fnchocho/.vscode-server/extensions/ms-python.python-2022.20.2/out/client/extension.js:2:677577
	at c (/home/fnchocho/.vscode-server/extensions/ms-python.python-2022.20.2/out/client/extension.js:2:677653)
	at /home/fnchocho/.vscode-server/extensions/ms-python.python-2022.20.2/out/client/extension.js:2:157104
	at y.activate (/home/fnchocho/.vscode-server/extensions/ms-python.python-2022.20.2/out/client/extension.js:2:157197)
	at processTicksAndRejections (node:internal/process/task_queues:96:5)
	at async /home/fnchocho/.vscode-server/extensions/ms-python.python-2022.20.2/out/client/extension.js:2:3078901
	at async e (/home/fnchocho/.vscode-server/extensions/ms-python.python-2022.20.2/out/client/extension.js:2:3078515)
	at async f.n (/home/fnchocho/.vscode-server/bin/ee2b180d582a7f601fa6ecfdad8d9fd269ab1884/out/vs/workbench/api/node/extensionHostProcess.js:94:6818)
	at async f.m (/home/fnchocho/.vscode-server/bin/ee2b180d582a7f601fa6ecfdad8d9fd269ab1884/out/vs/workbench/api/node/extensionHostProcess.js:94:6781)
	at async f.l (/home/fnchocho/.vscode-server/bin/ee2b180d582a7f601fa6ecfdad8d9fd269ab1884/out/vs/workbench/api/node/extensionHostProcess.js:94:6238)] {
  message: "Activating extension 'ms-python.python' failed: TelemetrySender.sendEventData must be a function."
}
error 22:19:57.280: [Error [TypeError]: TelemetrySender.sendEventData must be a function
	at Function.validateSender (/home/fnchocho/.vscode-server/bin/ee2b180d582a7f601fa6ecfdad8d9fd269ab1884/out/vs/workbench/api/node/extensionHostProcess.js:92:38390)
	at Object.createTelemetryLogger (/home/fnchocho/.vscode-server/bin/ee2b180d582a7f601fa6ecfdad8d9fd269ab1884/out/vs/workbench/api/node/extensionHostProcess.js:117:31908)
	at new t.BaseTelemetryReporter (/home/fnchocho/.vscode-server/extensions/ms-python.python-2022.20.2/out/client/extension.js:2:1111846)
	at new h (/home/fnchocho/.vscode-server/extensions/ms-python.python-2022.20.2/out/client/extension.js:2:1116985)
	at /home/fnchocho/.vscode-server/extensions/ms-python.python-2022.20.2/out/client/extension.js:2:677577
	at c (/home/fnchocho/.vscode-server/extensions/ms-python.python-2022.20.2/out/client/extension.js:2:677653)
	at /home/fnchocho/.vscode-server/extensions/ms-python.python-2022.20.2/out/client/extension.js:2:157104
	at y.activate (/home/fnchocho/.vscode-server/extensions/ms-python.python-2022.20.2/out/client/extension.js:2:157197)
	at processTicksAndRejections (node:internal/process/task_queues:96:5)
	at async /home/fnchocho/.vscode-server/extensions/ms-python.python-2022.20.2/out/client/extension.js:2:3078901
	at async e (/home/fnchocho/.vscode-server/extensions/ms-python.python-2022.20.2/out/client/extension.js:2:3078515)
	at async f.n (/home/fnchocho/.vscode-server/bin/ee2b180d582a7f601fa6ecfdad8d9fd269ab1884/out/vs/workbench/api/node/extensionHostProcess.js:94:6818)
	at async f.m (/home/fnchocho/.vscode-server/bin/ee2b180d582a7f601fa6ecfdad8d9fd269ab1884/out/vs/workbench/api/node/extensionHostProcess.js:94:6781)
	at async f.l (/home/fnchocho/.vscode-server/bin/ee2b180d582a7f601fa6ecfdad8d9fd269ab1884/out/vs/workbench/api/node/extensionHostProcess.js:94:6238)] {
  message: "Activating extension 'ms-python.python' failed: TelemetrySender.sendEventData must be a function."
}
error 22:19:57.282: getCondaVersionFromPython, Class name = k, completed in 307ms, has a falsy return value [Error [TypeError]: TelemetrySender.sendEventData must be a function
	at Function.validateSender (/home/fnchocho/.vscode-server/bin/ee2b180d582a7f601fa6ecfdad8d9fd269ab1884/out/vs/workbench/api/node/extensionHostProcess.js:92:38390)
	at Object.createTelemetryLogger (/home/fnchocho/.vscode-server/bin/ee2b180d582a7f601fa6ecfdad8d9fd269ab1884/out/vs/workbench/api/node/extensionHostProcess.js:117:31908)
	at new t.BaseTelemetryReporter (/home/fnchocho/.vscode-server/extensions/ms-python.python-2022.20.2/out/client/extension.js:2:1111846)
	at new h (/home/fnchocho/.vscode-server/extensions/ms-python.python-2022.20.2/out/client/extension.js:2:1116985)
	at /home/fnchocho/.vscode-server/extensions/ms-python.python-2022.20.2/out/client/extension.js:2:677577
	at c (/home/fnchocho/.vscode-server/extensions/ms-python.python-2022.20.2/out/client/extension.js:2:677653)
	at /home/fnchocho/.vscode-server/extensions/ms-python.python-2022.20.2/out/client/extension.js:2:157104
	at y.activate (/home/fnchocho/.vscode-server/extensions/ms-python.python-2022.20.2/out/client/extension.js:2:157197)
	at processTicksAndRejections (node:internal/process/task_queues:96:5)
	at async /home/fnchocho/.vscode-server/extensions/ms-python.python-2022.20.2/out/client/extension.js:2:3078901
	at async e (/home/fnchocho/.vscode-server/extensions/ms-python.python-2022.20.2/out/client/extension.js:2:3078515)
	at async f.n (/home/fnchocho/.vscode-server/bin/ee2b180d582a7f601fa6ecfdad8d9fd269ab1884/out/vs/workbench/api/node/extensionHostProcess.js:94:6818)
	at async f.m (/home/fnchocho/.vscode-server/bin/ee2b180d582a7f601fa6ecfdad8d9fd269ab1884/out/vs/workbench/api/node/extensionHostProcess.js:94:6781)
	at async f.l (/home/fnchocho/.vscode-server/bin/ee2b180d582a7f601fa6ecfdad8d9fd269ab1884/out/vs/workbench/api/node/extensionHostProcess.js:94:6238)] {
  message: "Activating extension 'ms-python.python' failed: TelemetrySender.sendEventData must be a function."
}
error 22:19:57.282: getCondaFile, Class name = k, completed in 307ms, has a falsy return value [Error [TypeError]: TelemetrySender.sendEventData must be a function
	at Function.validateSender (/home/fnchocho/.vscode-server/bin/ee2b180d582a7f601fa6ecfdad8d9fd269ab1884/out/vs/workbench/api/node/extensionHostProcess.js:92:38390)
	at Object.createTelemetryLogger (/home/fnchocho/.vscode-server/bin/ee2b180d582a7f601fa6ecfdad8d9fd269ab1884/out/vs/workbench/api/node/extensionHostProcess.js:117:31908)
	at new t.BaseTelemetryReporter (/home/fnchocho/.vscode-server/extensions/ms-python.python-2022.20.2/out/client/extension.js:2:1111846)
	at new h (/home/fnchocho/.vscode-server/extensions/ms-python.python-2022.20.2/out/client/extension.js:2:1116985)
	at /home/fnchocho/.vscode-server/extensions/ms-python.python-2022.20.2/out/client/extension.js:2:677577
	at c (/home/fnchocho/.vscode-server/extensions/ms-python.python-2022.20.2/out/client/extension.js:2:677653)
	at /home/fnchocho/.vscode-server/extensions/ms-python.python-2022.20.2/out/client/extension.js:2:157104
	at y.activate (/home/fnchocho/.vscode-server/extensions/ms-python.python-2022.20.2/out/client/extension.js:2:157197)
	at processTicksAndRejections (node:internal/process/task_queues:96:5)
	at async /home/fnchocho/.vscode-server/extensions/ms-python.python-2022.20.2/out/client/extension.js:2:3078901
	at async e (/home/fnchocho/.vscode-server/extensions/ms-python.python-2022.20.2/out/client/extension.js:2:3078515)
	at async f.n (/home/fnchocho/.vscode-server/bin/ee2b180d582a7f601fa6ecfdad8d9fd269ab1884/out/vs/workbench/api/node/extensionHostProcess.js:94:6818)
	at async f.m (/home/fnchocho/.vscode-server/bin/ee2b180d582a7f601fa6ecfdad8d9fd269ab1884/out/vs/workbench/api/node/extensionHostProcess.js:94:6781)
	at async f.l (/home/fnchocho/.vscode-server/bin/ee2b180d582a7f601fa6ecfdad8d9fd269ab1884/out/vs/workbench/api/node/extensionHostProcess.js:94:6238)] {
  message: "Activating extension 'ms-python.python' failed: TelemetrySender.sendEventData must be a function."
}
error 22:19:57.283: getCondaVersion, Class name = k, completed in 308ms, has a falsy return value [Error [TypeError]: TelemetrySender.sendEventData must be a function
	at Function.validateSender (/home/fnchocho/.vscode-server/bin/ee2b180d582a7f601fa6ecfdad8d9fd269ab1884/out/vs/workbench/api/node/extensionHostProcess.js:92:38390)
	at Object.createTelemetryLogger (/home/fnchocho/.vscode-server/bin/ee2b180d582a7f601fa6ecfdad8d9fd269ab1884/out/vs/workbench/api/node/extensionHostProcess.js:117:31908)
	at new t.BaseTelemetryReporter (/home/fnchocho/.vscode-server/extensions/ms-python.python-2022.20.2/out/client/extension.js:2:1111846)
	at new h (/home/fnchocho/.vscode-server/extensions/ms-python.python-2022.20.2/out/client/extension.js:2:1116985)
	at /home/fnchocho/.vscode-server/extensions/ms-python.python-2022.20.2/out/client/extension.js:2:677577
	at c (/home/fnchocho/.vscode-server/extensions/ms-python.python-2022.20.2/out/client/extension.js:2:677653)
	at /home/fnchocho/.vscode-server/extensions/ms-python.python-2022.20.2/out/client/extension.js:2:157104
	at y.activate (/home/fnchocho/.vscode-server/extensions/ms-python.python-2022.20.2/out/client/extension.js:2:157197)
	at processTicksAndRejections (node:internal/process/task_queues:96:5)
	at async /home/fnchocho/.vscode-server/extensions/ms-python.python-2022.20.2/out/client/extension.js:2:3078901
	at async e (/home/fnchocho/.vscode-server/extensions/ms-python.python-2022.20.2/out/client/extension.js:2:3078515)
	at async f.n (/home/fnchocho/.vscode-server/bin/ee2b180d582a7f601fa6ecfdad8d9fd269ab1884/out/vs/workbench/api/node/extensionHostProcess.js:94:6818)
	at async f.m (/home/fnchocho/.vscode-server/bin/ee2b180d582a7f601fa6ecfdad8d9fd269ab1884/out/vs/workbench/api/node/extensionHostProcess.js:94:6781)
	at async f.l (/home/fnchocho/.vscode-server/bin/ee2b180d582a7f601fa6ecfdad8d9fd269ab1884/out/vs/workbench/api/node/extensionHostProcess.js:94:6238)] {
  message: "Activating extension 'ms-python.python' failed: TelemetrySender.sendEventData must be a function."
}
