2023-03-25 09:34:29.011 [info] Extension host with pid 111 started
2023-03-25 09:34:29.019 [error] Error: EEXIST: file already exists, open '/home/fnchocho/.vscode-server/data/User/workspaceStorage/d7d21ece585837e0b64bb7b81d81d5b2/vscode.lock'
2023-03-25 09:34:29.044 [info] Lock '/home/fnchocho/.vscode-server/data/User/workspaceStorage/d7d21ece585837e0b64bb7b81d81d5b2/vscode.lock': Could not acquire lock, checking if the file is stale.
2023-03-25 09:34:29.046 [info] Lock '/home/fnchocho/.vscode-server/data/User/workspaceStorage/d7d21ece585837e0b64bb7b81d81d5b2/vscode.lock': The lock looks stale, waiting for 2s.
2023-03-25 09:34:29.441 [info] ExtensionService#_doActivateExtension ms-python.python, startup: false, activationEvent: 'onLanguage:python', root cause: ms-python.isort
2023-03-25 09:34:29.444 [info] ExtensionService#_doActivateExtension ms-toolsai.jupyter, startup: false, activationEvent: 'onLanguage:python'
2023-03-25 09:34:29.445 [info] ExtensionService#_doActivateExtension vscode.git-base, startup: true, activationEvent: '*', root cause: vscode.git
2023-03-25 09:34:31.049 [info] Lock '/home/fnchocho/.vscode-server/data/User/workspaceStorage/d7d21ece585837e0b64bb7b81d81d5b2/vscode.lock': The lock looks stale even after waiting for 2s.
2023-03-25 09:34:31.049 [info] Lock '/home/fnchocho/.vscode-server/data/User/workspaceStorage/d7d21ece585837e0b64bb7b81d81d5b2/vscode.lock': Deleting a stale lock.
2023-03-25 09:34:31.077 [info] Lock '/home/fnchocho/.vscode-server/data/User/workspaceStorage/d7d21ece585837e0b64bb7b81d81d5b2/vscode.lock': Lock acquired.
2023-03-25 09:34:32.065 [info] ExtensionService#_doActivateExtension ms-toolsai.jupyter-renderers, startup: false, activationEvent: 'api', root cause: ms-toolsai.jupyter
2023-03-25 09:34:32.178 [info] ExtensionService#_doActivateExtension vscode.git, startup: true, activationEvent: '*'
2023-03-25 09:34:32.179 [info] ExtensionService#_doActivateExtension vscode.github, startup: true, activationEvent: '*'
2023-03-25 09:34:32.511 [info] ExtensionService#_doActivateExtension ms-python.isort, startup: false, activationEvent: 'onLanguage:python'
2023-03-25 09:34:32.511 [info] ExtensionService#_doActivateExtension ms-python.vscode-pylance, startup: false, activationEvent: 'onLanguage:python'
2023-03-25 09:34:33.007 [info] ExtensionService#_doActivateExtension vscode.debug-auto-launch, startup: false, activationEvent: 'onStartupFinished'
2023-03-25 09:34:33.008 [info] ExtensionService#_doActivateExtension vscode.emmet, startup: false, activationEvent: 'onStartupFinished'
2023-03-25 09:34:33.008 [info] ExtensionService#_doActivateExtension vscode.merge-conflict, startup: false, activationEvent: 'onStartupFinished'
2023-03-25 09:34:33.008 [info] Eager extensions activated
2023-03-26 13:22:08.209 [info] ExtensionService#_doActivateExtension vscode.configuration-editing, startup: false, activationEvent: 'onLanguage:jsonc'
2023-03-26 13:22:08.211 [info] ExtensionService#_doActivateExtension vscode.json-language-features, startup: false, activationEvent: 'onLanguage:jsonc'
2023-03-26 13:22:08.211 [info] ExtensionService#_doActivateExtension vscode.typescript-language-features, startup: false, activationEvent: 'onLanguage:jsonc'
