[Info  - 8:47:37 AM] (189) Pylance language server 2023.3.20 (pyright 93a4ef87) starting
[Info  - 8:47:37 AM] (189) Server root directory: /home/fnchocho/.vscode-server/extensions/ms-python.vscode-pylance-2023.3.20/dist
[Info  - 8:47:37 AM] (189) Starting service instance "fnchocho"
[Info  - 8:47:37 AM] (189) Auto-indent enabled
[Info  - 8:47:37 AM] (189) Starting service instance "<default>"
[Info  - 8:47:37 AM] (189) No pyproject.toml file found.
[Info  - 8:47:37 AM] (189) Setting pythonPath for service "<default>": "/bin/python3"
[Warn  - 8:47:37 AM] (189) stubPath typings is not a valid directory.
[Info  - 8:47:37 AM] (189) Assuming Python version 3.10
[Info  - 8:47:37 AM] (189) Assuming Python platform Linux
[Info  - 8:47:37 AM] (189) Searching for source files
[Info  - 8:47:37 AM] (189) No source files found.
[Info  - 8:47:37 AM] (189) No configuration file found.
[Info  - 8:47:37 AM] (189) No pyproject.toml file found.
[Info  - 8:47:37 AM] (189) Setting pythonPath for service "fnchocho": "/bin/python3"
[Warn  - 8:47:37 AM] (189) stubPath /home/fnchocho/typings is not a valid directory.
[Info  - 8:47:37 AM] (189) Assuming Python version 3.10
[Info  - 8:47:37 AM] (189) Assuming Python platform Linux
[Info  - 8:47:37 AM] (189) Searching for source files
[Info  - 8:47:37 AM] (189) Found 1 source file
[Info  - 8:47:37 AM] (189) No pyproject.toml file found.
[Info  - 8:47:37 AM] (189) Setting pythonPath for service "<default>": "/bin/python3"
[Warn  - 8:47:37 AM] (189) stubPath typings is not a valid directory.
[Info  - 8:47:37 AM] (189) Assuming Python version 3.10
[Info  - 8:47:37 AM] (189) Assuming Python platform Linux
[Info  - 8:47:37 AM] (189) Searching for source files
[Info  - 8:47:37 AM] (189) No source files found.
[Info  - 8:47:38 AM] (189) Background analysis(1) root directory: /home/fnchocho/.vscode-server/extensions/ms-python.vscode-pylance-2023.3.20/dist
[Info  - 8:47:38 AM] (189) Background analysis(1) started
[Info  - 8:47:38 AM] (189) Background analysis(2) root directory: /home/fnchocho/.vscode-server/extensions/ms-python.vscode-pylance-2023.3.20/dist
[Info  - 8:47:38 AM] (189) Background analysis(2) started
[Info  - 8:47:38 AM] (189) Indexer background runner(3) root directory: /home/fnchocho/.vscode-server/extensions/ms-python.vscode-pylance-2023.3.20/dist (index)
[Info  - 8:47:38 AM] (189) Indexing(3) started
[Info  - 8:47:38 AM] (189) scanned(3) 42 files over 1 exec env
[Info  - 8:47:39 AM] (189) indexed(3) 18 files over 1 exec env
[Info  - 8:47:39 AM] (189) Indexing finished(3).
