2023-03-18 08:47:32.732 [info] Extension host with pid 107 started
2023-03-18 08:47:32.745 [error] Error: EEXIST: file already exists, open '/home/fnchocho/.vscode-server/data/User/workspaceStorage/d7d21ece585837e0b64bb7b81d81d5b2/vscode.lock'
2023-03-18 08:47:32.781 [info] Lock '/home/fnchocho/.vscode-server/data/User/workspaceStorage/d7d21ece585837e0b64bb7b81d81d5b2/vscode.lock': Could not acquire lock, checking if the file is stale.
2023-03-18 08:47:32.795 [info] Lock '/home/fnchocho/.vscode-server/data/User/workspaceStorage/d7d21ece585837e0b64bb7b81d81d5b2/vscode.lock': The pid 1084 appears to be gone.
2023-03-18 08:47:32.795 [info] Lock '/home/fnchocho/.vscode-server/data/User/workspaceStorage/d7d21ece585837e0b64bb7b81d81d5b2/vscode.lock': Deleting a stale lock.
2023-03-18 08:47:32.831 [info] Lock '/home/fnchocho/.vscode-server/data/User/workspaceStorage/d7d21ece585837e0b64bb7b81d81d5b2/vscode.lock': Lock acquired.
2023-03-18 08:47:32.969 [info] ExtensionService#_doActivateExtension ms-python.python, startup: false, activationEvent: 'onLanguage:python', root cause: ms-python.isort
2023-03-18 08:47:32.971 [info] ExtensionService#_doActivateExtension ms-toolsai.jupyter, startup: false, activationEvent: 'onLanguage:python'
2023-03-18 08:47:32.971 [info] ExtensionService#_doActivateExtension vscode.git-base, startup: true, activationEvent: '*', root cause: vscode.git
2023-03-18 08:47:35.042 [info] ExtensionService#_doActivateExtension ms-toolsai.jupyter-renderers, startup: false, activationEvent: 'api', root cause: ms-toolsai.jupyter
2023-03-18 08:47:35.131 [info] ExtensionService#_doActivateExtension vscode.git, startup: true, activationEvent: '*'
2023-03-18 08:47:35.131 [info] ExtensionService#_doActivateExtension vscode.github, startup: true, activationEvent: '*'
2023-03-18 08:47:35.394 [info] ExtensionService#_doActivateExtension ms-python.isort, startup: false, activationEvent: 'onLanguage:python'
2023-03-18 08:47:35.394 [info] ExtensionService#_doActivateExtension ms-python.vscode-pylance, startup: false, activationEvent: 'onLanguage:python'
2023-03-18 08:47:35.787 [info] ExtensionService#_doActivateExtension vscode.debug-auto-launch, startup: false, activationEvent: 'onStartupFinished'
2023-03-18 08:47:35.788 [info] ExtensionService#_doActivateExtension vscode.emmet, startup: false, activationEvent: 'onStartupFinished'
2023-03-18 08:47:35.788 [info] ExtensionService#_doActivateExtension vscode.merge-conflict, startup: false, activationEvent: 'onStartupFinished'
2023-03-18 08:47:35.789 [info] Eager extensions activated
2023-03-19 11:55:07.589 [info] ExtensionService#_doActivateExtension vscode.configuration-editing, startup: false, activationEvent: 'onLanguage:jsonc'
2023-03-19 11:55:07.590 [info] ExtensionService#_doActivateExtension vscode.json-language-features, startup: false, activationEvent: 'onLanguage:jsonc'
2023-03-19 11:55:07.590 [info] ExtensionService#_doActivateExtension vscode.typescript-language-features, startup: false, activationEvent: 'onLanguage:jsonc'
